0 info it worked if it ends with ok
1 verbose cli [ '/usr/bin/nodejs',
1 verbose cli   '/usr/bin/npm',
1 verbose cli   'install',
1 verbose cli   'express-bodyParser',
1 verbose cli   '--save' ]
2 info using npm@3.5.2
3 info using node@v4.2.6
4 silly loadCurrentTree Starting
5 silly install loadCurrentTree
6 silly install readLocalPackageData
7 silly fetchPackageMetaData express-bodyParser
8 silly fetchNamedPackageData express-bodyParser
9 silly mapToRegistry name express-bodyParser
10 silly mapToRegistry using default registry
11 silly mapToRegistry registry https://registry.npmjs.org/
12 silly mapToRegistry uri https://registry.npmjs.org/express-bodyParser
13 verbose request uri https://registry.npmjs.org/express-bodyParser
14 verbose request no auth needed
15 info attempt registry request try #1 at 6:43:16 PM
16 verbose request id 6a0d9c63777139a8
17 http request GET https://registry.npmjs.org/express-bodyParser
18 info retry will retry, error on last attempt: Error: getaddrinfo EAI_AGAIN registry.npmjs.org:443
19 info attempt registry request try #2 at 6:43:46 PM
20 http request GET https://registry.npmjs.org/express-bodyParser
21 info retry will retry, error on last attempt: Error: getaddrinfo EAI_AGAIN registry.npmjs.org:443
22 info attempt registry request try #3 at 6:44:56 PM
23 http request GET https://registry.npmjs.org/express-bodyParser
24 http 404 https://registry.npmjs.org/express-bodyParser
25 verbose headers { 'content-type': 'application/json',
25 verbose headers   'cache-control': 'max-age=0',
25 verbose headers   'content-length': '2',
25 verbose headers   'accept-ranges': 'bytes',
25 verbose headers   date: 'Wed, 17 Aug 2016 13:14:47 GMT',
25 verbose headers   via: '1.1 varnish',
25 verbose headers   age: '0',
25 verbose headers   connection: 'keep-alive',
25 verbose headers   'x-served-by': 'cache-sin6927-SIN',
25 verbose headers   'x-cache': 'MISS',
25 verbose headers   'x-cache-hits': '0',
25 verbose headers   'x-timer': 'S1471439687.286750,VS0,VE233',
25 verbose headers   vary: 'Accept-Encoding' }
26 silly get cb [ 404,
26 silly get   { 'content-type': 'application/json',
26 silly get     'cache-control': 'max-age=0',
26 silly get     'content-length': '2',
26 silly get     'accept-ranges': 'bytes',
26 silly get     date: 'Wed, 17 Aug 2016 13:14:47 GMT',
26 silly get     via: '1.1 varnish',
26 silly get     age: '0',
26 silly get     connection: 'keep-alive',
26 silly get     'x-served-by': 'cache-sin6927-SIN',
26 silly get     'x-cache': 'MISS',
26 silly get     'x-cache-hits': '0',
26 silly get     'x-timer': 'S1471439687.286750,VS0,VE233',
26 silly get     vary: 'Accept-Encoding' } ]
27 silly fetchPackageMetaData Error: Registry returned 404 for GET on https://registry.npmjs.org/express-bodyParser
27 silly fetchPackageMetaData     at makeError (/usr/share/npm/node_modules/npm-registry-client/lib/request.js:264:12)
27 silly fetchPackageMetaData     at CachingRegistryClient.<anonymous> (/usr/share/npm/node_modules/npm-registry-client/lib/request.js:242:14)
27 silly fetchPackageMetaData     at Request._callback (/usr/share/npm/node_modules/npm-registry-client/lib/request.js:172:14)
27 silly fetchPackageMetaData     at Request.self.callback (/usr/share/npm/node_modules/request/request.js:198:22)
27 silly fetchPackageMetaData     at emitTwo (events.js:87:13)
27 silly fetchPackageMetaData     at Request.emit (events.js:172:7)
27 silly fetchPackageMetaData     at Request.<anonymous> (/usr/share/npm/node_modules/request/request.js:1082:10)
27 silly fetchPackageMetaData     at emitOne (events.js:82:20)
27 silly fetchPackageMetaData     at Request.emit (events.js:169:7)
27 silly fetchPackageMetaData     at IncomingMessage.<anonymous> (/usr/share/npm/node_modules/request/request.js:1009:12)
27 silly fetchPackageMetaData  error for express-bodyParser { [Error: Registry returned 404 for GET on https://registry.npmjs.org/express-bodyParser] pkgid: 'express-bodyParser', statusCode: 404, code: 'E404' }
28 silly rollbackFailedOptional Starting
29 silly rollbackFailedOptional Finishing
30 silly runTopLevelLifecycles Starting
31 silly runTopLevelLifecycles Finishing
32 silly install printInstalled
33 verbose stack Error: Registry returned 404 for GET on https://registry.npmjs.org/express-bodyParser
33 verbose stack     at makeError (/usr/share/npm/node_modules/npm-registry-client/lib/request.js:264:12)
33 verbose stack     at CachingRegistryClient.<anonymous> (/usr/share/npm/node_modules/npm-registry-client/lib/request.js:242:14)
33 verbose stack     at Request._callback (/usr/share/npm/node_modules/npm-registry-client/lib/request.js:172:14)
33 verbose stack     at Request.self.callback (/usr/share/npm/node_modules/request/request.js:198:22)
33 verbose stack     at emitTwo (events.js:87:13)
33 verbose stack     at Request.emit (events.js:172:7)
33 verbose stack     at Request.<anonymous> (/usr/share/npm/node_modules/request/request.js:1082:10)
33 verbose stack     at emitOne (events.js:82:20)
33 verbose stack     at Request.emit (events.js:169:7)
33 verbose stack     at IncomingMessage.<anonymous> (/usr/share/npm/node_modules/request/request.js:1009:12)
34 verbose statusCode 404
35 verbose pkgid express-bodyParser
36 verbose cwd /home/anicodebreaker/Documents/ownProjects/web_dev_projs/chemweb19nitt/ChemWeb19Nitt/ChemWeb19Nitt
37 error Linux 4.4.0-34-generic
38 error argv "/usr/bin/nodejs" "/usr/bin/npm" "install" "express-bodyParser" "--save"
39 error node v4.2.6
40 error npm  v3.5.2
41 error code E404
42 error 404 Registry returned 404 for GET on https://registry.npmjs.org/express-bodyParser
43 error 404
44 error 404 'express-bodyParser' is not in the npm registry.
45 error 404 Your package name is not valid, because
46 error 404 1. name can no longer contain capital letters
47 error 404 Note that you can also install from a
48 error 404 tarball, folder, http url, or git url.
49 verbose exit [ 1, true ]
